Rogue/Library/Bee/Android/Prj/Mono2x/Gradle/launcher/build/intermediates/manifest_merge_blame_file/release/manifest-merger-blame-release-report.txt
1<?xml version="1.0" encoding="utf-8"?>
2<manifest xmlns:android="http://schemas.android.com/apk/res/android"
3    package="com.DefaultCompany.Rogue"
4    android:installLocation="preferExternal"
5    android:versionCode="1"
6    android:versionName="1.0.2" >
7
8    <uses-sdk
9        android:minSdkVersion="22"
9-->src\main\AndroidManifest.xml
10        android:targetSdkVersion="30" />
10-->src\main\AndroidManifest.xml
11
12    <supports-screens
12-->src\main\AndroidManifest.xml:3:3-163
13        android:anyDensity="true"
13-->src\main\AndroidManifest.xml:3:135-160
14        android:largeScreens="true"
14-->src\main\AndroidManifest.xml:3:78-105
15        android:normalScreens="true"
15-->src\main\AndroidManifest.xml:3:49-77
16        android:smallScreens="true"
16-->src\main\AndroidManifest.xml:3:21-48
17        android:xlargeScreens="true" />
17-->src\main\AndroidManifest.xml:3:106-134
18
19    <uses-feature android:glEsVersion="0x00030000" />
19-->[:unityLibrary] AndroidManifest.xml:12:5-54
19-->[:unityLibrary] AndroidManifest.xml:12:19-51
20    <uses-feature
20-->[:unityLibrary] AndroidManifest.xml:13:5-15:36
21        android:name="android.hardware.vulkan.version"
21-->[:unityLibrary] AndroidManifest.xml:14:9-55
22        android:required="false" />
22-->[:unityLibrary] AndroidManifest.xml:15:9-33
23    <uses-feature
23-->[:unityLibrary] AndroidManifest.xml:16:5-18:36
24        android:name="android.hardware.touchscreen"
24-->[:unityLibrary] AndroidManifest.xml:17:9-52
25        android:required="false" />
25-->[:unityLibrary] AndroidManifest.xml:18:9-33
26    <uses-feature
26-->[:unityLibrary] AndroidManifest.xml:19:5-21:36
27        android:name="android.hardware.touchscreen.multitouch"
27-->[:unityLibrary] AndroidManifest.xml:20:9-63
28        android:required="false" />
28-->[:unityLibrary] AndroidManifest.xml:21:9-33
29    <uses-feature
29-->[:unityLibrary] AndroidManifest.xml:22:5-24:36
30        android:name="android.hardware.touchscreen.multitouch.distinct"
30-->[:unityLibrary] AndroidManifest.xml:23:9-72
31        android:required="false" />
31-->[:unityLibrary] AndroidManifest.xml:24:9-33
32
33    <uses-permission android:name="android.permission.POST_NOTIFICATIONS" />
33-->[:unityLibrary] AndroidManifest.xml:26:5-77
33-->[:unityLibrary] AndroidManifest.xml:26:22-74
34
35    <application
35-->src\main\AndroidManifest.xml:4:3-83
36        android:extractNativeLibs="true"
36-->[:unityLibrary] AndroidManifest.xml:28:18-50
37        android:icon="@mipmap/app_icon"
37-->src\main\AndroidManifest.xml:4:49-80
38        android:label="@string/app_name" >
38-->src\main\AndroidManifest.xml:4:16-48
39        <activity
39-->[:unityLibrary] AndroidManifest.xml:29:9-49:20
40            android:name="com.unity3d.player.UnityPlayerActivity"
40-->[:unityLibrary] AndroidManifest.xml:30:13-66
41            android:configChanges="mcc|mnc|locale|touchscreen|keyboard|keyboardHidden|navigation|orientation|screenLayout|uiMode|screenSize|smallestScreenSize|fontScale|layoutDirection|density"
41-->[:unityLibrary] AndroidManifest.xml:31:13-194
42            android:hardwareAccelerated="false"
42-->[:unityLibrary] AndroidManifest.xml:32:13-48
43            android:launchMode="singleTask"
43-->[:unityLibrary] AndroidManifest.xml:33:13-44
44            android:resizeableActivity="false"
44-->[:unityLibrary] AndroidManifest.xml:34:13-47
45            android:screenOrientation="landscape"
45-->[:unityLibrary] AndroidManifest.xml:35:13-50
46            android:theme="@style/UnityThemeSelector" >
46-->[:unityLibrary] AndroidManifest.xml:36:13-54
47            <intent-filter>
47-->[:unityLibrary] AndroidManifest.xml:37:13-41:29
48                <action android:name="android.intent.action.MAIN" />
48-->[:unityLibrary] AndroidManifest.xml:38:17-69
48-->[:unityLibrary] AndroidManifest.xml:38:25-66
49
50                <category android:name="android.intent.category.LAUNCHER" />
50-->[:unityLibrary] AndroidManifest.xml:40:17-77
50-->[:unityLibrary] AndroidManifest.xml:40:27-74
51            </intent-filter>
52
53            <meta-data
53-->[:unityLibrary] AndroidManifest.xml:43:13-45:40
54                android:name="unityplayer.UnityActivity"
54-->[:unityLibrary] AndroidManifest.xml:44:17-57
55                android:value="true" />
55-->[:unityLibrary] AndroidManifest.xml:45:17-37
56            <meta-data
56-->[:unityLibrary] AndroidManifest.xml:46:13-48:40
57                android:name="android.notch_support"
57-->[:unityLibrary] AndroidManifest.xml:47:17-53
58                android:value="true" />
58-->[:unityLibrary] AndroidManifest.xml:48:17-37
59        </activity>
60
61        <meta-data
61-->[:unityLibrary] AndroidManifest.xml:51:9-53:33
62            android:name="unity.splash-mode"
62-->[:unityLibrary] AndroidManifest.xml:52:13-45
63            android:value="0" />
63-->[:unityLibrary] AndroidManifest.xml:53:13-30
64        <meta-data
64-->[:unityLibrary] AndroidManifest.xml:54:9-56:36
65            android:name="unity.splash-enable"
65-->[:unityLibrary] AndroidManifest.xml:55:13-47
66            android:value="True" />
66-->[:unityLibrary] AndroidManifest.xml:56:13-33
67        <meta-data
67-->[:unityLibrary] AndroidManifest.xml:57:9-59:36
68            android:name="unity.launch-fullscreen"
68-->[:unityLibrary] AndroidManifest.xml:58:13-51
69            android:value="True" />
69-->[:unityLibrary] AndroidManifest.xml:59:13-33
70        <meta-data
70-->[:unityLibrary] AndroidManifest.xml:60:9-62:37
71            android:name="unity.allow-resizable-window"
71-->[:unityLibrary] AndroidManifest.xml:61:13-56
72            android:value="False" />
72-->[:unityLibrary] AndroidManifest.xml:62:13-34
73        <meta-data
73-->[:unityLibrary] AndroidManifest.xml:63:9-65:50
74            android:name="notch.config"
74-->[:unityLibrary] AndroidManifest.xml:64:13-40
75            android:value="portrait|landscape" />
75-->[:unityLibrary] AndroidManifest.xml:65:13-47
76
77        <receiver
77-->[:unityLibrary] AndroidManifest.xml:67:9-69:40
78            android:name="com.unity.androidnotifications.UnityNotificationManager"
78-->[:unityLibrary] AndroidManifest.xml:68:13-83
79            android:exported="false" />
79-->[:unityLibrary] AndroidManifest.xml:69:13-37
80        <receiver
80-->[:unityLibrary] AndroidManifest.xml:70:9-77:20
81            android:name="com.unity.androidnotifications.UnityNotificationRestartOnBootReceiver"
81-->[:unityLibrary] AndroidManifest.xml:71:13-97
82            android:enabled="false"
82-->[:unityLibrary] AndroidManifest.xml:72:13-36
83            android:exported="false" >
83-->[:unityLibrary] AndroidManifest.xml:73:13-37
84            <intent-filter>
84-->[:unityLibrary] AndroidManifest.xml:74:13-76:29
85                <action android:name="android.intent.action.BOOT_COMPLETED" />
85-->[:unityLibrary] AndroidManifest.xml:75:17-79
85-->[:unityLibrary] AndroidManifest.xml:75:25-76
86            </intent-filter>
87        </receiver>
88
89        <meta-data
89-->[:unityLibrary] AndroidManifest.xml:79:9-81:33
90            android:name="com.unity.androidnotifications.exact_scheduling"
90-->[:unityLibrary] AndroidManifest.xml:80:13-75
91            android:value="0" />
91-->[:unityLibrary] AndroidManifest.xml:81:13-30
92    </application>
93
94</manifest>